Arguments: 
  /usr/local/bin/node /usr/local/bin/yarn install

PATH: 
  /usr/local/bin:/usr/bin:/bin:/usr/sbin:/sbin:/Library/Apple/usr/bin

Yarn version: 
  1.22.10

Node version: 
  14.16.0

Platform: 
  darwin x64

Trace: 
  Error: EPERM: operation not permitted, scandir '/Users/xinyonghu/.Trash'

npm manifest: 
  {
    "version": "0.0.0",
    "scripts": {
      "dev": "cross-env NODE_ENV=development vite",
      "build": "vite build",
      "serve": "vite preview"
    },
    "dependencies": {
      "axios": "^0.21.1",
      "element3": "^0.0.40",
      "mockjs": "^1.1.0",
      "vue": "^3.0.5",
      "vue-router": "^4.0.8",
      "vuex": "^4.0.1"
    },
    "devDependencies": {
      "@vitejs/plugin-vue": "^1.2.3",
      "@vue/compiler-sfc": "^3.0.5",
      "cross-env": "^7.0.3",
      "sass": "^1.34.1",
      "vite": "^2.3.5",
      "vite-plugin-mock": "^2.7.0"
    }
  }

yarn manifest: 
  No manifest

Lockfile: 
  No lockfile
